<?xml version="1.0" encoding="UTF-8"?>
<!-- Generated by org.testng.reporters.JUnitXMLReporter -->
<testsuite hostname="DESKTOP-UOS53P1" ignored="0" name="test1" tests="4" failures="4" timestamp="2020-03-03T23:12:01 CST" time="0.054" errors="0">
  <testcase name="careerTraverseFromBrandsPage" time="0.011" classname="pages.BrandsPage">
    <failure type="java.lang.NullPointerException">
      <![CDATA[java.lang.NullPointerException
at utils.Utils.clickCareersElement(Utils.java:43)
at pages.BrandsPage.careerTraverseFromBrandsPage(BrandsPage.java:26)
at java.util.ArrayList.forEach(ArrayList.java:1257)
... Removed 36 stack frames]]>
    </failure>
  </testcase> <!-- careerTraverseFromBrandsPage -->
  <testcase name="careerTraverseFromHowitWorksPage" time="0.0" classname="pages.HowItWorksPage">
    <failure type="java.lang.NullPointerException">
      <![CDATA[java.lang.NullPointerException
at utils.Utils.clickCareersElement(Utils.java:43)
at pages.HowItWorksPage.careerTraverseFromHowitWorksPage(HowItWorksPage.java:24)
at java.util.ArrayList.forEach(ArrayList.java:1257)
... Removed 36 stack frames]]>
    </failure>
  </testcase> <!-- careerTraverseFromHowitWorksPage -->
  <testcase name="careerTraverseFromInvitePage" time="0.001" classname="pages.InviteFriendsPage">
    <failure type="java.lang.NullPointerException">
      <![CDATA[java.lang.NullPointerException
at utils.Utils.clickCareersElement(Utils.java:43)
at pages.InviteFriendsPage.careerTraverseFromInvitePage(InviteFriendsPage.java:28)
at java.util.ArrayList.forEach(ArrayList.java:1257)
... Removed 36 stack frames]]>
    </failure>
  </testcase> <!-- careerTraverseFromInvitePage -->
  <testcase name="careerTraverseFromRewardsPage" time="0.001" classname="pages.RewardsPage">
    <failure type="java.lang.NullPointerException">
      <![CDATA[java.lang.NullPointerException
at utils.Utils.clickCareersElement(Utils.java:43)
at pages.RewardsPage.careerTraverseFromRewardsPage(RewardsPage.java:25)
at java.util.ArrayList.forEach(ArrayList.java:1257)
... Removed 36 stack frames]]>
    </failure>
  </testcase> <!-- careerTraverseFromRewardsPage -->
</testsuite> <!-- test1 -->
